<?xml version="1.0" encoding="UTF-8"?>
<testsuite name="create booking" tests="1" skipped="0" failures="0" errors="0" timestamp="2022-02-15T13:53:07" hostname="DESKTOP-CFERMST" time="9.032">
  <properties/>
  <testcase name="create booking" classname="create booking" time="9.032"/>
  <system-out><![CDATA[{
    "bookingid": 19,
    "booking": {
        "firstname": "Jim",
        "lastname": "Brown",
        "totalprice": 111,
        "depositpaid": true,
        "bookingdates": {
            "checkin": "2018-01-01",
            "checkout": "2019-01-01"
        },
        "additionalneeds": "Breakfast"
    }
}
]]></system-out>
  <system-err><![CDATA[[Test worker] INFO net.thucydides.core.steps.ConsoleLoggingListener - 
        __    _____ _____ ____ _____   ____   _    ____  ____  _____ ____  
  _     \ \  |_   _| ____/ ___|_   _| |  _ \ / \  / ___|/ ___|| ____|  _ \ 
 (_)_____| |   | | |  _| \___ \ | |   | |_) / _ \ \___ \\___ \|  _| | | | |
  _|_____| |   | | | |___ ___) || |   |  __/ ___ \ ___) |___) | |___| |_| |
 (_)     | |   |_| |_____|____/ |_|   |_| /_/   \_\____/|____/|_____|____/ 
        /_/                                                                

TEST PASSED: create booking
----------------------------------------------------------------------------
]]></system-err>
</testsuite>
